\BOOKMARK [1][-]{section.1}{Introduction}{}% 1
\BOOKMARK [1][-]{section.2}{Notation, tensors and other mathematical tools}{}% 2
\BOOKMARK [2][-]{subsection.2.1}{Symbols}{section.2}% 3
\BOOKMARK [2][-]{subsection.2.2}{Index notation}{section.2}% 4
\BOOKMARK [2][-]{subsection.2.3}{Contravariant and covariant transformations}{section.2}% 5
\BOOKMARK [2][-]{subsection.2.4}{Coordinate basis}{section.2}% 6
\BOOKMARK [2][-]{subsection.2.5}{Tensors}{section.2}% 7
\BOOKMARK [2][-]{subsection.2.6}{Differential operators}{section.2}% 8
\BOOKMARK [2][-]{subsection.2.7}{Special case: Cartesian coordinates}{section.2}% 9
\BOOKMARK [2][-]{subsection.2.8}{Properties}{section.2}% 10
\BOOKMARK [2][-]{subsection.2.9}{Integral theorems}{section.2}% 11
\BOOKMARK [1][-]{section.3}{Classes of problems}{}% 12
\BOOKMARK [2][-]{subsection.3.1}{Partial differential equations}{section.3}% 13
\BOOKMARK [2][-]{subsection.3.2}{Poisson equation}{section.3}% 14
\BOOKMARK [2][-]{subsection.3.3}{Diffusion equations}{section.3}% 15
\BOOKMARK [2][-]{subsection.3.4}{Convection-diffusion equations}{section.3}% 16
\BOOKMARK [2][-]{subsection.3.5}{Linear elasticity equations}{section.3}% 17
\BOOKMARK [2][-]{subsection.3.6}{Navier-Stokes equations}{section.3}% 18
\BOOKMARK [1][-]{section.4}{Discretization}{}% 19
\BOOKMARK [2][-]{subsection.4.1}{Function spaces}{section.4}% 20
\BOOKMARK [2][-]{subsection.4.2}{The weak formulation}{section.4}% 21
\BOOKMARK [2][-]{subsection.4.3}{Discretization}{section.4}% 22
\BOOKMARK [2][-]{subsection.4.4}{Quadrature}{section.4}% 23
\BOOKMARK [2][-]{subsection.4.5}{Constraints}{section.4}% 24
\BOOKMARK [2][-]{subsection.4.6}{Weak formulations for other classes of problems}{section.4}% 25
\BOOKMARK [1][-]{section.5}{Numerical methods for linear systems}{}% 26
\BOOKMARK [2][-]{subsection.5.1}{Direct methods}{section.5}% 27
\BOOKMARK [3][-]{subsubsection.5.1.1}{Parallelization and HPC}{subsection.5.1}% 28
\BOOKMARK [2][-]{subsection.5.2}{Stationary iterations}{section.5}% 29
\BOOKMARK [3][-]{subsubsection.5.2.1}{Jacobi method}{subsection.5.2}% 30
\BOOKMARK [3][-]{subsubsection.5.2.2}{Gauss-Jacobi method}{subsection.5.2}% 31
\BOOKMARK [3][-]{subsubsection.5.2.3}{SOR successive over-relaxation method}{subsection.5.2}% 32
\BOOKMARK [3][-]{subsubsection.5.2.4}{Parallelization and HPC}{subsection.5.2}% 33
\BOOKMARK [2][-]{subsection.5.3}{Krylov methods}{section.5}% 34
\BOOKMARK [3][-]{subsubsection.5.3.1}{Steepest descend}{subsection.5.3}% 35
\BOOKMARK [3][-]{subsubsection.5.3.2}{Conjugate gradient}{subsection.5.3}% 36
\BOOKMARK [3][-]{subsubsection.5.3.3}{MINRES}{subsection.5.3}% 37
\BOOKMARK [3][-]{subsubsection.5.3.4}{GMRES}{subsection.5.3}% 38
\BOOKMARK [3][-]{subsubsection.5.3.5}{BiCGSTAB}{subsection.5.3}% 39
\BOOKMARK [2][-]{subsection.5.4}{Multigrid methods}{section.5}% 40
\BOOKMARK [1][-]{section.6}{Time integration}{}% 41
\BOOKMARK [2][-]{subsection.6.1}{Classes of time-dependent problems}{section.6}% 42
\BOOKMARK [3][-]{subsubsection.6.1.1}{ODEs}{subsection.6.1}% 43
\BOOKMARK [3][-]{subsubsection.6.1.2}{DAEs}{subsection.6.1}% 44
\BOOKMARK [3][-]{subsubsection.6.1.3}{DIs}{subsection.6.1}% 45
\BOOKMARK [3][-]{subsubsection.6.1.4}{DVIs}{subsection.6.1}% 46
\BOOKMARK [3][-]{subsubsection.6.1.5}{MDIs}{subsection.6.1}% 47
\BOOKMARK [2][-]{subsection.6.2}{Time integration numerical methods}{section.6}% 48
\BOOKMARK [3][-]{subsubsection.6.2.1}{Explicit Runge-Kutta methods}{subsection.6.2}% 49
\BOOKMARK [3][-]{subsubsection.6.2.2}{Explicit Euler}{subsection.6.2}% 50
\BOOKMARK [3][-]{subsubsection.6.2.3}{Implicit Runge-Kutta methods}{subsection.6.2}% 51
\BOOKMARK [3][-]{subsubsection.6.2.4}{Implicit Euler}{subsection.6.2}% 52
\BOOKMARK [3][-]{subsubsection.6.2.5}{Adams-Bashforth methods}{subsection.6.2}% 53
\BOOKMARK [3][-]{subsubsection.6.2.6}{Adams-Moulton methods}{subsection.6.2}% 54
\BOOKMARK [3][-]{subsubsection.6.2.7}{Trapezoidal method}{subsection.6.2}% 55
\BOOKMARK [3][-]{subsubsection.6.2.8}{BDF methods}{subsection.6.2}% 56
\BOOKMARK [2][-]{subsection.6.3}{Numerical implementation of methods}{section.6}% 57
\BOOKMARK [3][-]{subsubsection.6.3.1}{Trapezoidal, for index-2 ODE}{subsection.6.3}% 58
\BOOKMARK [3][-]{subsubsection.6.3.2}{Euler implicit, for index-2 ODE}{subsection.6.3}% 59
\BOOKMARK [3][-]{subsubsection.6.3.3}{Euler implicit, for DAE}{subsection.6.3}% 60
\BOOKMARK [3][-]{subsubsection.6.3.4}{Trapezoidal, for DAE}{subsection.6.3}% 61
\BOOKMARK [3][-]{subsubsection.6.3.5}{Newmark, for ODE and DAE}{subsection.6.3}% 62
\BOOKMARK [3][-]{subsubsection.6.3.6}{HHT, for DAE}{subsection.6.3}% 63
\BOOKMARK [3][-]{subsubsection.6.3.7}{Generalized-, for DAE}{subsection.6.3}% 64
\BOOKMARK [2][-]{subsection.6.4}{Abstracting a common solver architecture}{section.6}% 65
\BOOKMARK [2][-]{subsection.6.5}{Accuracy, convergence, stability}{section.6}% 66
